<?xml version="1.0" encoding="UTF-8"?>
<Site BuildName="Darwin-g++"
	BuildStamp="20250202-1409-Experimental"
	Name="Nilsons-Laptop.local"
	Generator="ctest-3.31.1"
	CompilerName="/usr/bin/g++"
	CompilerVersion="16.0.0.16000026"
	OSName="macOS"
	Hostname="Nilsons-Laptop.local"
	OSRelease="15.2"
	OSVersion="24C101"
	OSPlatform="arm64"
	Is64Bits="1"
	VendorString="Apple"
	VendorID="Apple"
	FamilyID="0"
	ModelID="0"
	ModelName="Apple M1 Pro"
	ProcessorCacheSize="131072"
	NumberOfLogicalCPU="10"
	NumberOfPhysicalCPU="10"
	TotalVirtualMemory="8192"
	TotalPhysicalMemory="16384"
	LogicalProcessorsPerPhysical="10"
	ProcessorClockFrequency="0"
	>
	<Testing>
		<StartDateTime>Feb 02 09:09 -05</StartDateTime>
		<StartTestTime>1738505387</StartTestTime>
		<TestList/>
		<EndDateTime>Feb 02 09:09 -05</EndDateTime>
		<EndTestTime>1738505387</EndTestTime>
		<ElapsedMinutes>0</ElapsedMinutes>
	</Testing>
</Site>
