<?xml version="1.0" encoding="UTF-8"?>
<Site BuildName="Linux-aarch64-linux-gnu-g++"
	BuildStamp="20241210-0149-Experimental"
	Name="nilson-VMware20-1"
	Generator="ctest-3.30.3"
	CompilerName="/usr/bin/aarch64-linux-gnu-g++"
	CompilerVersion="14.2.0"
	OSName="Linux"
	Hostname="nilson-VMware20-1"
	OSRelease="6.11.0-9-generic"
	OSVersion="#9-Ubuntu SMP PREEMPT_DYNAMIC Mon Oct 14 13:46:10 UTC 2024"
	OSPlatform="aarch64"
	Is64Bits="1"
	VendorString=""
	VendorID="Unknown Manufacturer"
	FamilyID="8"
	ModelID="0"
	ProcessorCacheSize="0"
	NumberOfLogicalCPU="4"
	NumberOfPhysicalCPU="1"
	TotalVirtualMemory="3476"
	TotalPhysicalMemory="3389"
	LogicalProcessorsPerPhysical="4"
	ProcessorClockFrequency="0"
	>
	<Testing>
		<StartDateTime>Dec 10 12:32 -05</StartDateTime>
		<StartTestTime>1733851976</StartTestTime>
		<TestList/>
		<EndDateTime>Dec 10 12:32 -05</EndDateTime>
		<EndTestTime>1733851976</EndTestTime>
		<ElapsedMinutes>0</ElapsedMinutes>
	</Testing>
</Site>
